<?xml version="1.0" encoding="UTF-8"?>
<testsuite name="com.jhooq.Jhooqk8s.JhooqK8sApplicationTests" tests="1" skipped="0" failures="0" errors="0" timestamp="2024-05-31T13:51:41" hostname="IN-IT11348" time="0.137">
  <properties/>
  <testcase name="contextLoads()" classname="com.jhooq.Jhooqk8s.JhooqK8sApplicationTests" time="0.137"/>
  <system-out><![CDATA[19:21:40.830 [Test worker] DEBUG org.springframework.test.context.BootstrapUtils - Instantiating CacheAwareContextLoaderDelegate from class [org.springframework.test.context.cache.DefaultCacheAwareContextLoaderDelegate]
19:21:40.835 [Test worker] DEBUG org.springframework.test.context.BootstrapUtils - Instantiating BootstrapContext using constructor [public org.springframework.test.context.support.DefaultBootstrapContext(java.lang.Class,org.springframework.test.context.CacheAwareContextLoaderDelegate)]
19:21:40.851 [Test worker] DEBUG org.springframework.test.context.BootstrapUtils - Instantiating TestContextBootstrapper for test class [com.jhooq.Jhooqk8s.JhooqK8sApplicationTests] from class [org.springframework.boot.test.context.SpringBootTestContextBootstrapper]
19:21:40.857 [Test worker] INFO org.springframework.boot.test.context.SpringBootTestContextBootstrapper - Neither @ContextConfiguration nor @ContextHierarchy found for test class [com.jhooq.Jhooqk8s.JhooqK8sApplicationTests], using SpringBootContextLoader
19:21:40.858 [Test worker] DEBUG org.springframework.test.context.support.AbstractContextLoader - Did not detect default resource location for test class [com.jhooq.Jhooqk8s.JhooqK8sApplicationTests]: class path resource [com/jhooq/Jhooqk8s/JhooqK8sApplicationTests-context.xml] does not exist
19:21:40.859 [Test worker] DEBUG org.springframework.test.context.support.AbstractContextLoader - Did not detect default resource location for test class [com.jhooq.Jhooqk8s.JhooqK8sApplicationTests]: class path resource [com/jhooq/Jhooqk8s/JhooqK8sApplicationTestsContext.groovy] does not exist
19:21:40.859 [Test worker] INFO org.springframework.test.context.support.AbstractContextLoader - Could not detect default resource locations for test class [com.jhooq.Jhooqk8s.JhooqK8sApplicationTests]: no resource found for suffixes {-context.xml, Context.groovy}.
19:21:40.859 [Test worker] INFO org.springframework.test.context.support.AnnotationConfigContextLoaderUtils - Could not detect default configuration classes for test class [com.jhooq.Jhooqk8s.JhooqK8sApplicationTests]: JhooqK8sApplicationTests does not declare any static, non-private, non-final, nested classes annotated with @Configuration.
19:21:40.874 [Test worker] DEBUG org.springframework.test.context.support.ActiveProfilesUtils - Could not find an 'annotation declaring class' for annotation type [org.springframework.test.context.ActiveProfiles] and class [com.jhooq.Jhooqk8s.JhooqK8sApplicationTests]
19:21:40.899 [Test worker] DEBUG org.springframework.context.annotation.ClassPathScanningCandidateComponentProvider - Identified candidate component class: file [/Users/jayashri.mahale/Desktop/devsecopsmay2024/k8s_demo/build/classes/java/main/com/jhooq/Jhooqk8s/JhooqDockerDemo.class]
19:21:40.900 [Test worker] INFO org.springframework.boot.test.context.SpringBootTestContextBootstrapper - Found @SpringBootConfiguration com.jhooq.Jhooqk8s.JhooqDockerDemo for test class com.jhooq.Jhooqk8s.JhooqK8sApplicationTests
19:21:40.933 [Test worker] DEBUG org.springframework.boot.test.context.SpringBootTestContextBootstrapper - @TestExecutionListeners is not present for class [com.jhooq.Jhooqk8s.JhooqK8sApplicationTests]: using defaults.
19:21:40.933 [Test worker] INFO org.springframework.boot.test.context.SpringBootTestContextBootstrapper - Loaded default TestExecutionListener class names from location [META-INF/spring.factories]: [org.springframework.boot.test.autoconfigure.restdocs.RestDocsTestExecutionListener, org.springframework.boot.test.autoconfigure.web.client.MockRestServiceServerResetTestExecutionListener, org.springframework.boot.test.autoconfigure.web.servlet.MockMvcPrintOnlyOnFailureTestExecutionListener, org.springframework.boot.test.autoconfigure.web.servlet.WebDriverTestExecutionListener, org.springframework.boot.test.mock.mockito.MockitoTestExecutionListener, org.springframework.boot.test.mock.mockito.ResetMocksTestExecutionListener, org.springframework.test.context.web.ServletTestExecutionListener, org.springframework.test.context.support.DirtiesContextBeforeModesTestExecutionListener, org.springframework.test.context.support.DependencyInjectionTestExecutionListener, org.springframework.test.context.support.DirtiesContextTestExecutionListener, org.springframework.test.context.transaction.TransactionalTestExecutionListener, org.springframework.test.context.jdbc.SqlScriptsTestExecutionListener, org.springframework.test.context.event.EventPublishingTestExecutionListener]
19:21:40.937 [Test worker] DEBUG org.springframework.boot.test.context.SpringBootTestContextBootstrapper - Skipping candidate TestExecutionListener [org.springframework.test.context.transaction.TransactionalTestExecutionListener] due to a missing dependency. Specify custom listener classes or make the default listener classes and their required dependencies available. Offending class: [org/springframework/transaction/interceptor/TransactionAttributeSource]
19:21:40.937 [Test worker] DEBUG org.springframework.boot.test.context.SpringBootTestContextBootstrapper - Skipping candidate TestExecutionListener [org.springframework.test.context.jdbc.SqlScriptsTestExecutionListener] due to a missing dependency. Specify custom listener classes or make the default listener classes and their required dependencies available. Offending class: [org/springframework/transaction/interceptor/TransactionAttribute]
19:21:40.937 [Test worker] INFO org.springframework.boot.test.context.SpringBootTestContextBootstrapper - Using TestExecutionListeners: [org.springframework.test.context.web.ServletTestExecutionListener@2de9a149, org.springframework.test.context.support.DirtiesContextBeforeModesTestExecutionListener@165f124, org.springframework.boot.test.mock.mockito.MockitoTestExecutionListener@65d8bc72, org.springframework.boot.test.autoconfigure.SpringBootDependencyInjectionTestExecutionListener@2e4c4918, org.springframework.test.context.support.DirtiesContextTestExecutionListener@4e4f5671, org.springframework.test.context.event.EventPublishingTestExecutionListener@600d624d, org.springframework.boot.test.autoconfigure.restdocs.RestDocsTestExecutionListener@40966912, org.springframework.boot.test.autoconfigure.web.client.MockRestServiceServerResetTestExecutionListener@c5eec91, org.springframework.boot.test.autoconfigure.web.servlet.MockMvcPrintOnlyOnFailureTestExecutionListener@3896dfb5, org.springframework.boot.test.autoconfigure.web.servlet.WebDriverTestExecutionListener@3302dde0, org.springframework.boot.test.mock.mockito.ResetMocksTestExecutionListener@402ffc6b]
19:21:40.939 [Test worker] DEBUG org.springframework.test.context.support.AbstractDirtiesContextTestExecutionListener - Before test class: context [DefaultTestContext@3c90bdbe testClass = JhooqK8sApplicationTests, testInstance = [null], testMethod = [null], testException = [null], mergedContextConfiguration = [WebMergedContextConfiguration@72f7c944 testClass = JhooqK8sApplicationTests, locations = '{}', classes = '{class com.jhooq.Jhooqk8s.JhooqDockerDemo}', contextInitializerClasses = '[]', activeProfiles = '{}', propertySourceLocations = '{}', propertySourceProperties = '{org.springframework.boot.test.context.SpringBootTestContextBootstrapper=true}', contextCustomizers = set[org.springframework.boot.test.autoconfigure.properties.PropertyMappingContextCustomizer@0, org.springframework.boot.test.autoconfigure.web.servlet.WebDriverContextCustomizerFactory$Customizer@138029f7, org.springframework.boot.test.context.filter.ExcludeFilterContextCustomizer@912830b, org.springframework.boot.test.json.DuplicateJsonObjectContextCustomizerFactory$DuplicateJsonObjectContextCustomizer@29ac69c9, org.springframework.boot.test.mock.mockito.MockitoContextCustomizer@0, org.springframework.boot.test.web.client.TestRestTemplateContextCustomizer@2ca75cfd, org.springframework.boot.test.context.SpringBootTestArgs@1], resourceBasePath = 'src/main/webapp', contextLoader = 'org.springframework.boot.test.context.SpringBootContextLoader', parent = [null]], attributes = map['org.springframework.test.context.web.ServletTestExecutionListener.activateListener' -> true]], class annotated with @DirtiesContext [false] with mode [null].
19:21:40.949 [Test worker] DEBUG org.springframework.test.context.support.TestPropertySourceUtils - Adding inlined properties to environment: {spring.jmx.enabled=false, org.springframework.boot.test.context.SpringBootTestContextBootstrapper=true, server.port=-1}

  .   ____          _            __ _ _
 /\\ / ___'_ __ _ _(_)_ __  __ _ \ \ \ \
( ( )\___ | '_ | '_| | '_ \/ _` | \ \ \ \
 \\/  ___)| |_)| | | | | || (_| |  ) ) ) )
  '  |____| .__|_| |_|_| |_\__, | / / / /
 =========|_|==============|___/=/_/_/_/
 :: Spring Boot ::        (v2.2.7.RELEASE)

2024-05-31 19:21:41.069  INFO 76189 --- [    Test worker] c.j.Jhooqk8s.JhooqK8sApplicationTests    : Starting JhooqK8sApplicationTests on IN-IT11348 with PID 76189 (started by jayashri.mahale in /Users/jayashri.mahale/Desktop/devsecopsmay2024/k8s_demo)
2024-05-31 19:21:41.070  INFO 76189 --- [    Test worker] c.j.Jhooqk8s.JhooqK8sApplicationTests    : No active profile set, falling back to default profiles: default
2024-05-31 19:21:41.533  INFO 76189 --- [    Test worker] o.s.s.concurrent.ThreadPoolTaskExecutor  : Initializing ExecutorService 'applicationTaskExecutor'
2024-05-31 19:21:41.625  INFO 76189 --- [    Test worker] c.j.Jhooqk8s.JhooqK8sApplicationTests    : Started JhooqK8sApplicationTests in 0.671 seconds (JVM running for 1.231)
]]></system-out>
  <system-err><![CDATA[]]></system-err>
</testsuite>
